{"level":"info","msg":"Starting the application...","time":"2024-07-13T19:06:06+05:00"}
{"host":"localhost","level":"info","msg":"Database configuration loaded","time":"2024-07-13T19:06:06+05:00"}
{"level":"info","msg":"Starting the application...","time":"2024-07-13T19:06:59+05:00"}
{"host":"localhost","level":"info","msg":"Database configuration loaded","time":"2024-07-13T19:06:59+05:00"}
{"level":"info","msg":"Server listening on port 8081","time":"2024-07-13T19:06:59+05:00"}
{"file":"/home/javokhir/go/src/github.com/Projects/artisan_connect/authentication-service/cmd/main.go:24","func":"main.main","level":"info","msg":"Starting the application...","time":"2024-07-13T19:08:09+05:00"}
{"file":"/home/javokhir/go/src/github.com/Projects/artisan_connect/authentication-service/cmd/main.go:27","func":"main.main","host":"localhost","level":"info","msg":"Database configuration loaded","time":"2024-07-13T19:08:09+05:00"}
{"file":"/home/javokhir/go/src/github.com/Projects/artisan_connect/authentication-service/cmd/main.go:29","func":"main.main","level":"info","msg":"Server listening on port 8081","time":"2024-07-13T19:08:09+05:00"}
{"level":"fatal","msg":"Error getting user by ID: missing destination name created_at in *models.User","time":"2024-07-14T13:33:03+05:00"}
{"level":"fatal","msg":"Error getting user by ID: missing destination name updated_at in *models.User","time":"2024-07-14T13:38:15+05:00"}
{"level":"info","msg":"User: \u0026{ID:875b074b-442f-4ca8-9bc7-62c47f238c75 FullName:John Doe Username:jdoe Email:jdoe@example.com Bio:Admin user UserType:admin PasswordHash: CreatedAt:2024-07-14T13:32:17.10815+05:00}","time":"2024-07-14T13:40:38+05:00"}
{"level":"fatal","msg":"Error getting user by ID: sql: no rows in result set","time":"2024-07-14T13:55:51+05:00"}
{"level":"fatal","msg":"Error getting users info: pq: syntax error at or near \"order_by\"","time":"2024-07-14T13:56:11+05:00"}
{"level":"fatal","msg":"Error getting users info: pq: syntax error at or near \"order\"","time":"2024-07-14T13:56:58+05:00"}
{"level":"fatal","msg":"Error getting users info: pq: syntax error at or near \"ORDER\"","time":"2024-07-14T13:59:10+05:00"}
{"level":"fatal","msg":"Error getting users info: pq: syntax error at or near \"ORDER\"","time":"2024-07-14T13:59:31+05:00"}
{"level":"fatal","msg":"Error getting users info: pq: OFFSET must not be negative","time":"2024-07-14T13:59:40+05:00"}
{"level":"info","msg":"Users: []","time":"2024-07-14T13:59:48+05:00"}
{"level":"info","msg":"Users: []","time":"2024-07-14T13:59:53+05:00"}
{"level":"info","msg":"Users: [{ID:839b5ca4-9f32-4558-9317-c93cc887fc3f FullName:John Doe Username:jdoe Email:jdoe@example.com Bio:Admin user UserType:admin PasswordHash: CreatedAt:} {ID:0d597e98-c736-4853-be9b-42eab6fa6712 FullName:Alice Smith Username:asmith Email:asmith@example.com Bio:Regular user UserType:user PasswordHash: CreatedAt:} {ID:4be58baa-cb47-42ee-a067-662cf15192c9 FullName:Bob Williams Username:bwilliams Email:bwilliams@example.com Bio:Regular user UserType:user PasswordHash: CreatedAt:} {ID:25e24545-9694-4c81-b461-ef839e44d727 FullName:Cathy Campbell Username:ccampbell Email:ccampbell@example.com Bio:Regular user UserType:user PasswordHash: CreatedAt:} {ID:ac03f523-6d90-466f-a98a-53d0a43b3d3b FullName:David Johnson Username:djohnson Email:djohnson@example.com Bio:Regular user UserType:user PasswordHash: CreatedAt:}]","time":"2024-07-14T14:00:17+05:00"}
{"level":"info","msg":"Users: [{ID:839b5ca4-9f32-4558-9317-c93cc887fc3f FullName:John Doe Username:jdoe Email:jdoe@example.com Bio:Admin user UserType:admin PasswordHash: CreatedAt:} {ID:0d597e98-c736-4853-be9b-42eab6fa6712 FullName:Alice Smith Username:asmith Email:asmith@example.com Bio:Regular user UserType:user PasswordHash: CreatedAt:} {ID:4be58baa-cb47-42ee-a067-662cf15192c9 FullName:Bob Williams Username:bwilliams Email:bwilliams@example.com Bio:Regular user UserType:user PasswordHash: CreatedAt:} {ID:25e24545-9694-4c81-b461-ef839e44d727 FullName:Cathy Campbell Username:ccampbell Email:ccampbell@example.com Bio:Regular user UserType:user PasswordHash: CreatedAt:} {ID:ac03f523-6d90-466f-a98a-53d0a43b3d3b FullName:David Johnson Username:djohnson Email:djohnson@example.com Bio:Regular user UserType:user PasswordHash: CreatedAt:}]","time":"2024-07-14T14:00:28+05:00"}
{"level":"info","msg":"Users: [{ID:839b5ca4-9f32-4558-9317-c93cc887fc3f FullName:John Doe Username:jdoe Email:jdoe@example.com Bio:Admin user UserType:admin PasswordHash: CreatedAt:} {ID:0d597e98-c736-4853-be9b-42eab6fa6712 FullName:Alice Smith Username:asmith Email:asmith@example.com Bio:Regular user UserType:user PasswordHash: CreatedAt:} {ID:4be58baa-cb47-42ee-a067-662cf15192c9 FullName:Bob Williams Username:bwilliams Email:bwilliams@example.com Bio:Regular user UserType:user PasswordHash: CreatedAt:} {ID:25e24545-9694-4c81-b461-ef839e44d727 FullName:Cathy Campbell Username:ccampbell Email:ccampbell@example.com Bio:Regular user UserType:user PasswordHash: CreatedAt:} {ID:ac03f523-6d90-466f-a98a-53d0a43b3d3b FullName:David Johnson Username:djohnson Email:djohnson@example.com Bio:Regular user UserType:user PasswordHash: CreatedAt:}]","time":"2024-07-14T14:00:36+05:00"}
{"level":"info","msg":"Users: [{ID:839b5ca4-9f32-4558-9317-c93cc887fc3f FullName:John Doe Username:jdoe Email:jdoe@example.com Bio:Admin user UserType:admin PasswordHash: CreatedAt:} {ID:0d597e98-c736-4853-be9b-42eab6fa6712 FullName:Alice Smith Username:asmith Email:asmith@example.com Bio:Regular user UserType:user PasswordHash: CreatedAt:} {ID:4be58baa-cb47-42ee-a067-662cf15192c9 FullName:Bob Williams Username:bwilliams Email:bwilliams@example.com Bio:Regular user UserType:user PasswordHash: CreatedAt:} {ID:25e24545-9694-4c81-b461-ef839e44d727 FullName:Cathy Campbell Username:ccampbell Email:ccampbell@example.com Bio:Regular user UserType:user PasswordHash: CreatedAt:} {ID:ac03f523-6d90-466f-a98a-53d0a43b3d3b FullName:David Johnson Username:djohnson Email:djohnson@example.com Bio:Regular user UserType:user PasswordHash: CreatedAt:} {ID:b30dcbc0-32c5-443f-a582-c6dcbb7afb52 FullName:Emily Roberts Username:eroberts Email:eroberts@example.com Bio:Regular user UserType:user PasswordHash: CreatedAt:} {ID:03a016a9-9b9f-4ef9-b8cd-35c4b834f649 FullName:Frank Jones Username:fjones Email:fjones@example.com Bio:Regular user UserType:user PasswordHash: CreatedAt:} {ID:34bcdb04-502f-4da1-ad6c-362decf09d69 FullName:Grace Martin Username:gmartin Email:gmartin@example.com Bio:Regular user UserType:user PasswordHash: CreatedAt:} {ID:cc0573ac-0878-46c3-8e1e-d21c54870099 FullName:Hannah Miller Username:hmiller Email:hmiller@example.com Bio:Regular user UserType:user PasswordHash: CreatedAt:} {ID:f63bce76-3a85-408f-bb0a-1451232bf4ba FullName:Ian Jackson Username:ijackson Email:ijackson@example.com Bio:Regular user UserType:user PasswordHash: CreatedAt:}]","time":"2024-07-14T14:00:40+05:00"}
{"level":"fatal","msg":"Error getting users info: pq: syntax error at or near \"ORDER\"","time":"2024-07-14T14:00:59+05:00"}
{"level":"fatal","msg":"Error getting users info: pq: got 2 parameters but the statement requires 3","time":"2024-07-14T14:02:27+05:00"}
{"level":"info","msg":"Users: [{ID:839b5ca4-9f32-4558-9317-c93cc887fc3f FullName:John Doe Username:jdoe Email:jdoe@example.com Bio:Admin user UserType:admin PasswordHash: CreatedAt:} {ID:0d597e98-c736-4853-be9b-42eab6fa6712 FullName:Alice Smith Username:asmith Email:asmith@example.com Bio:Regular user UserType:user PasswordHash: CreatedAt:} {ID:4be58baa-cb47-42ee-a067-662cf15192c9 FullName:Bob Williams Username:bwilliams Email:bwilliams@example.com Bio:Regular user UserType:user PasswordHash: CreatedAt:} {ID:25e24545-9694-4c81-b461-ef839e44d727 FullName:Cathy Campbell Username:ccampbell Email:ccampbell@example.com Bio:Regular user UserType:user PasswordHash: CreatedAt:} {ID:ac03f523-6d90-466f-a98a-53d0a43b3d3b FullName:David Johnson Username:djohnson Email:djohnson@example.com Bio:Regular user UserType:user PasswordHash: CreatedAt:} {ID:b30dcbc0-32c5-443f-a582-c6dcbb7afb52 FullName:Emily Roberts Username:eroberts Email:eroberts@example.com Bio:Regular user UserType:user PasswordHash: CreatedAt:} {ID:03a016a9-9b9f-4ef9-b8cd-35c4b834f649 FullName:Frank Jones Username:fjones Email:fjones@example.com Bio:Regular user UserType:user PasswordHash: CreatedAt:} {ID:34bcdb04-502f-4da1-ad6c-362decf09d69 FullName:Grace Martin Username:gmartin Email:gmartin@example.com Bio:Regular user UserType:user PasswordHash: CreatedAt:} {ID:cc0573ac-0878-46c3-8e1e-d21c54870099 FullName:Hannah Miller Username:hmiller Email:hmiller@example.com Bio:Regular user UserType:user PasswordHash: CreatedAt:} {ID:f63bce76-3a85-408f-bb0a-1451232bf4ba FullName:Ian Jackson Username:ijackson Email:ijackson@example.com Bio:Regular user UserType:user PasswordHash: CreatedAt:}]","time":"2024-07-14T14:02:41+05:00"}
{"level":"info","msg":"Users: [{ID:839b5ca4-9f32-4558-9317-c93cc887fc3f FullName:John Doe Username:jdoe Email:jdoe@example.com Bio:Admin user UserType:admin PasswordHash: CreatedAt:} {ID:0d597e98-c736-4853-be9b-42eab6fa6712 FullName:Alice Smith Username:asmith Email:asmith@example.com Bio:Regular user UserType:user PasswordHash: CreatedAt:} {ID:4be58baa-cb47-42ee-a067-662cf15192c9 FullName:Bob Williams Username:bwilliams Email:bwilliams@example.com Bio:Regular user UserType:user PasswordHash: CreatedAt:} {ID:25e24545-9694-4c81-b461-ef839e44d727 FullName:Cathy Campbell Username:ccampbell Email:ccampbell@example.com Bio:Regular user UserType:user PasswordHash: CreatedAt:} {ID:ac03f523-6d90-466f-a98a-53d0a43b3d3b FullName:David Johnson Username:djohnson Email:djohnson@example.com Bio:Regular user UserType:user PasswordHash: CreatedAt:} {ID:b30dcbc0-32c5-443f-a582-c6dcbb7afb52 FullName:Emily Roberts Username:eroberts Email:eroberts@example.com Bio:Regular user UserType:user PasswordHash: CreatedAt:} {ID:03a016a9-9b9f-4ef9-b8cd-35c4b834f649 FullName:Frank Jones Username:fjones Email:fjones@example.com Bio:Regular user UserType:user PasswordHash: CreatedAt:} {ID:34bcdb04-502f-4da1-ad6c-362decf09d69 FullName:Grace Martin Username:gmartin Email:gmartin@example.com Bio:Regular user UserType:user PasswordHash: CreatedAt:} {ID:cc0573ac-0878-46c3-8e1e-d21c54870099 FullName:Hannah Miller Username:hmiller Email:hmiller@example.com Bio:Regular user UserType:user PasswordHash: CreatedAt:} {ID:f63bce76-3a85-408f-bb0a-1451232bf4ba FullName:Ian Jackson Username:ijackson Email:ijackson@example.com Bio:Regular user UserType:user PasswordHash: CreatedAt:}]","time":"2024-07-14T14:02:49+05:00"}
{"level":"fatal","msg":"Error getting users info: missing destination name updated_at in *models.User","time":"2024-07-14T14:04:20+05:00"}
{"level":"fatal","msg":"Error getting users info: missing destination name deleted_at in *models.User","time":"2024-07-14T14:04:46+05:00"}
{"level":"fatal","msg":"Error getting users info: sql: no rows in result set","time":"2024-07-14T14:05:16+05:00"}
{"level":"info","msg":"Users: \u0026{ID:839b5ca4-9f32-4558-9317-c93cc887fc3f FullName:John Doe Username:jdoe Email:jdoe@example.com Bio:Admin user UserType:admin PasswordHash: CreatedAt: UpdatedAt:}","time":"2024-07-14T14:05:52+05:00"}
{"level":"fatal","msg":"Error getting users info: pq: column \"deleted\" does not exist","time":"2024-07-14T14:15:14+05:00"}
{"level":"fatal","msg":"Error getting users info: username cannot be empty","time":"2024-07-14T14:22:20+05:00"}
{"level":"fatal","msg":"Error getting users info: pq: column \"deleted\" does not exist","time":"2024-07-14T14:28:30+05:00"}
{"level":"fatal","msg":"Error getting users info: pq: syntax error at or near \"=\"","time":"2024-07-14T14:30:31+05:00"}
{"level":"fatal","msg":"Error getting users info: pq: syntax error at or near \"users\"","time":"2024-07-14T14:30:46+05:00"}
{"level":"fatal","msg":"Error getting users info: no such user: \u003cnil\u003e","time":"2024-07-14T14:33:53+05:00"}
{"level":"info","msg":"Successfully connected to database","time":"2024-07-16T03:34:32+05:00"}
{"level":"fatal","msg":"Error connecting to authentication service: grpc: no transport security set (use grpc.WithTransportCredentials(insecure.NewCredentials()) explicitly or set credentials)","time":"2024-07-16T03:34:32+05:00"}
{"level":"info","msg":"Successfully connected to database","time":"2024-07-16T03:35:00+05:00"}
{"level":"info","msg":"gRPC server started on localhost:50052","time":"2024-07-16T03:35:00+05:00"}
{"level":"info","msg":"Initializing product service","time":"2024-07-16T03:35:00+05:00"}
